<?xml version="1.0" encoding="UTF-8"?>
<!-- Generated by org.testng.reporters.JUnitReportReporter -->
<testsuite hostname="DESKTOP-SDGPMUU" failures="0" tests="2" name="com.simplilearn.testngselenium.AssersionsDemo" time="32.770" errors="0" timestamp="2022-04-03T10:26:47 IST" skipped="0">
  <testcase classname="com.simplilearn.testngselenium.AssersionsDemo" name="login" time="14.954"/>
  <system-out/>
  <testcase classname="com.simplilearn.testngselenium.AssersionsDemo" name="titleTest" time="17.816"/>
  <system-out/>
</testsuite> <!-- com.simplilearn.testngselenium.AssersionsDemo -->
