<?xml version="1.0" encoding="UTF-8"?>
<!-- Generated by org.testng.reporters.JUnitReportReporter -->
<testsuite hostname="DESKTOP-SDGPMUU" failures="0" tests="2" name="com.simplilearn.testngselenium.SimpleTestNG" time="0.009" errors="0" timestamp="2022-04-03T10:26:47 IST" skipped="0">
  <testcase classname="com.simplilearn.testngselenium.SimpleTestNG" name="method2" time="0.006"/>
  <system-out/>
  <testcase classname="com.simplilearn.testngselenium.SimpleTestNG" name="method1" time="0.003"/>
  <system-out/>
</testsuite> <!-- com.simplilearn.testngselenium.SimpleTestNG -->
