<?xml version="1.0" encoding="UTF-8"?>
<!-- Generated by org.testng.reporters.JUnitReportReporter -->
<testsuite hostname="DESKTOP-SDGPMUU" failures="0" tests="1" name="com.simplilearn.testngselenium.TestNg1" time="0.002" errors="0" timestamp="2022-04-03T10:26:47 IST" skipped="0">
  <testcase classname="com.simplilearn.testngselenium.TestNg1" name="testTrue" time="0.002"/>
  <system-out/>
</testsuite> <!-- com.simplilearn.testngselenium.TestNg1 -->
